[04-Jul-2017 08:48:27 Asia/Shanghai] PHP Warning:  Illegal string offset 'dbversion' in F:\u0mo5.github.io\123\admin\modules\mod_login.php on line 559
[04-Jul-2017 08:49:15 Asia/Shanghai] PHP Deprecated:  Function eregi() is deprecated in F:\u0mo5.github.io\123\admin\modules\mod_famous_nav.php on line 157
[04-Jul-2017 08:49:15 Asia/Shanghai] PHP Deprecated:  Function eregi() is deprecated in F:\u0mo5.github.io\123\admin\modules\mod_famous_nav.php on line 162
[04-Jul-2017 08:49:58 Asia/Shanghai] PHP Deprecated:  Function eregi() is deprecated in F:\u0mo5.github.io\123\admin\modules\mod_famous_nav.php on line 157
[04-Jul-2017 08:49:58 Asia/Shanghai] PHP Deprecated:  Function eregi() is deprecated in F:\u0mo5.github.io\123\admin\modules\mod_famous_nav.php on line 162
[04-Jul-2017 08:50:44 Asia/Shanghai] PHP Deprecated:  Function eregi() is deprecated in F:\u0mo5.github.io\123\admin\modules\mod_famous_nav.php on line 71
[04-Jul-2017 08:50:44 Asia/Shanghai] PHP Deprecated:  Function eregi() is deprecated in F:\u0mo5.github.io\123\admin\modules\mod_famous_nav.php on line 76
[04-Jul-2017 08:51:19 Asia/Shanghai] PHP Deprecated:  Function eregi() is deprecated in F:\u0mo5.github.io\123\admin\modules\mod_famous_nav.php on line 157
[04-Jul-2017 08:51:19 Asia/Shanghai] PHP Deprecated:  Function eregi() is deprecated in F:\u0mo5.github.io\123\admin\modules\mod_famous_nav.php on line 162
[04-Jul-2017 08:51:27 Asia/Shanghai] PHP Deprecated:  Function eregi() is deprecated in F:\u0mo5.github.io\123\admin\modules\mod_famous_nav.php on line 157
[04-Jul-2017 08:51:27 Asia/Shanghai] PHP Deprecated:  Function eregi() is deprecated in F:\u0mo5.github.io\123\admin\modules\mod_famous_nav.php on line 162
[04-Jul-2017 08:59:13 Asia/Shanghai] PHP Warning:  Illegal string offset 'dbversion' in F:\u0mo5.github.io\123\admin\modules\mod_login.php on line 559
[04-Jul-2017 10:56:11 Asia/Shanghai] PHP Strict Standards:  Non-static method mod_login::log_error_login() should not be called statically in F:\u0mo5.github.io\123\admin\modules\mod_login.php on line 253
[04-Jul-2017 10:56:18 Asia/Shanghai] PHP Warning:  Illegal string offset 'dbversion' in F:\u0mo5.github.io\123\admin\modules\mod_login.php on line 559
[11-Jul-2017 12:59:46 Asia/Shanghai] PHP Strict Standards:  Non-static method mod_login::log_error_login() should not be called statically in F:\u0mo5.github.io\123\admin\modules\mod_login.php on line 253
[11-Jul-2017 12:59:53 Asia/Shanghai] PHP Warning:  Illegal string offset 'dbversion' in F:\u0mo5.github.io\123\admin\modules\mod_login.php on line 559
[11-Jul-2017 13:00:19 Asia/Shanghai] PHP Deprecated:  Function eregi() is deprecated in F:\u0mo5.github.io\123\admin\modules\mod_famous_nav.php on line 157
[11-Jul-2017 13:00:19 Asia/Shanghai] PHP Deprecated:  Function eregi() is deprecated in F:\u0mo5.github.io\123\admin\modules\mod_famous_nav.php on line 162
[11-Jul-2017 13:03:58 Asia/Shanghai] PHP Warning:  Smarty error: unable to read resource: "class_header.tpl" in F:\u0mo5.github.io\123\admin\modules\smarty\Smarty.class.php on line 1114
[11-Jul-2017 13:03:58 Asia/Shanghai] PHP Warning:  Smarty error: unable to read resource: "class_body.tpl" in F:\u0mo5.github.io\123\admin\modules\smarty\Smarty.class.php on line 1114
[11-Jul-2017 13:03:58 Asia/Shanghai] PHP Warning:  Smarty error: unable to read resource: "class_footer.tpl" in F:\u0mo5.github.io\123\admin\modules\smarty\Smarty.class.php on line 1114
[11-Jul-2017 13:03:58 Asia/Shanghai] PHP Warning:  Smarty error: unable to read resource: "class_header.tpl" in F:\u0mo5.github.io\123\admin\modules\smarty\Smarty.class.php on line 1114
[11-Jul-2017 13:03:58 Asia/Shanghai] PHP Warning:  Smarty error: unable to read resource: "class_body.tpl" in F:\u0mo5.github.io\123\admin\modules\smarty\Smarty.class.php on line 1114
[11-Jul-2017 13:03:58 Asia/Shanghai] PHP Warning:  Smarty error: unable to read resource: "class_footer.tpl" in F:\u0mo5.github.io\123\admin\modules\smarty\Smarty.class.php on line 1114
[11-Jul-2017 13:03:58 Asia/Shanghai] PHP Warning:  Smarty error: unable to read resource: "class_header.tpl" in F:\u0mo5.github.io\123\admin\modules\smarty\Smarty.class.php on line 1114
[11-Jul-2017 13:03:58 Asia/Shanghai] PHP Warning:  Smarty error: unable to read resource: "class_body.tpl" in F:\u0mo5.github.io\123\admin\modules\smarty\Smarty.class.php on line 1114
[11-Jul-2017 13:03:58 Asia/Shanghai] PHP Warning:  Smarty error: unable to read resource: "class_footer.tpl" in F:\u0mo5.github.io\123\admin\modules\smarty\Smarty.class.php on line 1114
[11-Jul-2017 13:03:58 Asia/Shanghai] PHP Warning:  Smarty error: unable to read resource: "class_header.tpl" in F:\u0mo5.github.io\123\admin\modules\smarty\Smarty.class.php on line 1114
[11-Jul-2017 13:03:58 Asia/Shanghai] PHP Warning:  Smarty error: unable to read resource: "class_body.tpl" in F:\u0mo5.github.io\123\admin\modules\smarty\Smarty.class.php on line 1114
[11-Jul-2017 13:03:58 Asia/Shanghai] PHP Warning:  Smarty error: unable to read resource: "class_footer.tpl" in F:\u0mo5.github.io\123\admin\modules\smarty\Smarty.class.php on line 1114
[11-Jul-2017 13:03:59 Asia/Shanghai] PHP Warning:  Smarty error: unable to read resource: "class_header.tpl" in F:\u0mo5.github.io\123\admin\modules\smarty\Smarty.class.php on line 1114
[11-Jul-2017 13:03:59 Asia/Shanghai] PHP Warning:  Smarty error: unable to read resource: "class_body.tpl" in F:\u0mo5.github.io\123\admin\modules\smarty\Smarty.class.php on line 1114
[11-Jul-2017 13:03:59 Asia/Shanghai] PHP Warning:  Smarty error: unable to read resource: "class_footer.tpl" in F:\u0mo5.github.io\123\admin\modules\smarty\Smarty.class.php on line 1114
[11-Jul-2017 13:03:59 Asia/Shanghai] PHP Warning:  Smarty error: unable to read resource: "class_header.tpl" in F:\u0mo5.github.io\123\admin\modules\smarty\Smarty.class.php on line 1114
[11-Jul-2017 13:03:59 Asia/Shanghai] PHP Warning:  Smarty error: unable to read resource: "class_body.tpl" in F:\u0mo5.github.io\123\admin\modules\smarty\Smarty.class.php on line 1114
[11-Jul-2017 13:03:59 Asia/Shanghai] PHP Warning:  Smarty error: unable to read resource: "class_footer.tpl" in F:\u0mo5.github.io\123\admin\modules\smarty\Smarty.class.php on line 1114
[11-Jul-2017 13:03:59 Asia/Shanghai] PHP Warning:  Smarty error: unable to read resource: "class_header.tpl" in F:\u0mo5.github.io\123\admin\modules\smarty\Smarty.class.php on line 1114
[11-Jul-2017 13:03:59 Asia/Shanghai] PHP Warning:  Smarty error: unable to read resource: "class_body.tpl" in F:\u0mo5.github.io\123\admin\modules\smarty\Smarty.class.php on line 1114
[11-Jul-2017 13:03:59 Asia/Shanghai] PHP Warning:  Smarty error: unable to read resource: "class_footer.tpl" in F:\u0mo5.github.io\123\admin\modules\smarty\Smarty.class.php on line 1114
[11-Jul-2017 13:04:00 Asia/Shanghai] PHP Warning:  Smarty error: unable to read resource: "class_header.tpl" in F:\u0mo5.github.io\123\admin\modules\smarty\Smarty.class.php on line 1114
[11-Jul-2017 13:04:00 Asia/Shanghai] PHP Warning:  Smarty error: unable to read resource: "class_body.tpl" in F:\u0mo5.github.io\123\admin\modules\smarty\Smarty.class.php on line 1114
[11-Jul-2017 13:04:00 Asia/Shanghai] PHP Warning:  Smarty error: unable to read resource: "class_footer.tpl" in F:\u0mo5.github.io\123\admin\modules\smarty\Smarty.class.php on line 1114
[11-Jul-2017 13:04:00 Asia/Shanghai] PHP Warning:  Smarty error: unable to read resource: "class_header.tpl" in F:\u0mo5.github.io\123\admin\modules\smarty\Smarty.class.php on line 1114
[11-Jul-2017 13:04:00 Asia/Shanghai] PHP Warning:  Smarty error: unable to read resource: "class_body.tpl" in F:\u0mo5.github.io\123\admin\modules\smarty\Smarty.class.php on line 1114
[11-Jul-2017 13:04:00 Asia/Shanghai] PHP Warning:  Smarty error: unable to read resource: "class_footer.tpl" in F:\u0mo5.github.io\123\admin\modules\smarty\Smarty.class.php on line 1114
[11-Jul-2017 13:04:00 Asia/Shanghai] PHP Warning:  Smarty error: unable to read resource: "class_header.tpl" in F:\u0mo5.github.io\123\admin\modules\smarty\Smarty.class.php on line 1114
[11-Jul-2017 13:04:00 Asia/Shanghai] PHP Warning:  Smarty error: unable to read resource: "class_body.tpl" in F:\u0mo5.github.io\123\admin\modules\smarty\Smarty.class.php on line 1114
[11-Jul-2017 13:04:00 Asia/Shanghai] PHP Warning:  Smarty error: unable to read resource: "class_footer.tpl" in F:\u0mo5.github.io\123\admin\modules\smarty\Smarty.class.php on line 1114
[11-Jul-2017 13:04:00 Asia/Shanghai] PHP Warning:  Smarty error: unable to read resource: "class_header.tpl" in F:\u0mo5.github.io\123\admin\modules\smarty\Smarty.class.php on line 1114
[11-Jul-2017 13:04:00 Asia/Shanghai] PHP Warning:  Smarty error: unable to read resource: "class_body.tpl" in F:\u0mo5.github.io\123\admin\modules\smarty\Smarty.class.php on line 1114
[11-Jul-2017 13:04:00 Asia/Shanghai] PHP Warning:  Smarty error: unable to read resource: "class_footer.tpl" in F:\u0mo5.github.io\123\admin\modules\smarty\Smarty.class.php on line 1114
[11-Jul-2017 13:04:01 Asia/Shanghai] PHP Warning:  Smarty error: unable to read resource: "class_header.tpl" in F:\u0mo5.github.io\123\admin\modules\smarty\Smarty.class.php on line 1114
[11-Jul-2017 13:04:01 Asia/Shanghai] PHP Warning:  Smarty error: unable to read resource: "class_body.tpl" in F:\u0mo5.github.io\123\admin\modules\smarty\Smarty.class.php on line 1114
[11-Jul-2017 13:04:01 Asia/Shanghai] PHP Warning:  Smarty error: unable to read resource: "class_footer.tpl" in F:\u0mo5.github.io\123\admin\modules\smarty\Smarty.class.php on line 1114
[11-Jul-2017 13:04:01 Asia/Shanghai] PHP Warning:  Smarty error: unable to read resource: "class_header.tpl" in F:\u0mo5.github.io\123\admin\modules\smarty\Smarty.class.php on line 1114
[11-Jul-2017 13:04:01 Asia/Shanghai] PHP Warning:  Smarty error: unable to read resource: "class_body.tpl" in F:\u0mo5.github.io\123\admin\modules\smarty\Smarty.class.php on line 1114
[11-Jul-2017 13:04:01 Asia/Shanghai] PHP Warning:  Smarty error: unable to read resource: "class_footer.tpl" in F:\u0mo5.github.io\123\admin\modules\smarty\Smarty.class.php on line 1114
[11-Jul-2017 13:04:01 Asia/Shanghai] PHP Warning:  Smarty error: unable to read resource: "class_header.tpl" in F:\u0mo5.github.io\123\admin\modules\smarty\Smarty.class.php on line 1114
[11-Jul-2017 13:04:01 Asia/Shanghai] PHP Warning:  Smarty error: unable to read resource: "class_body.tpl" in F:\u0mo5.github.io\123\admin\modules\smarty\Smarty.class.php on line 1114
[11-Jul-2017 13:04:01 Asia/Shanghai] PHP Warning:  Smarty error: unable to read resource: "class_footer.tpl" in F:\u0mo5.github.io\123\admin\modules\smarty\Smarty.class.php on line 1114
[11-Jul-2017 13:04:01 Asia/Shanghai] PHP Warning:  Smarty error: unable to read resource: "class_header.tpl" in F:\u0mo5.github.io\123\admin\modules\smarty\Smarty.class.php on line 1114
[11-Jul-2017 13:04:01 Asia/Shanghai] PHP Warning:  Smarty error: unable to read resource: "class_body.tpl" in F:\u0mo5.github.io\123\admin\modules\smarty\Smarty.class.php on line 1114
[11-Jul-2017 13:04:01 Asia/Shanghai] PHP Warning:  Smarty error: unable to read resource: "class_footer.tpl" in F:\u0mo5.github.io\123\admin\modules\smarty\Smarty.class.php on line 1114
[11-Jul-2017 13:04:01 Asia/Shanghai] PHP Warning:  Smarty error: unable to read resource: "class_header.tpl" in F:\u0mo5.github.io\123\admin\modules\smarty\Smarty.class.php on line 1114
[11-Jul-2017 13:04:01 Asia/Shanghai] PHP Warning:  Smarty error: unable to read resource: "class_body.tpl" in F:\u0mo5.github.io\123\admin\modules\smarty\Smarty.class.php on line 1114
[11-Jul-2017 13:04:01 Asia/Shanghai] PHP Warning:  Smarty error: unable to read resource: "class_footer.tpl" in F:\u0mo5.github.io\123\admin\modules\smarty\Smarty.class.php on line 1114
[11-Jul-2017 13:04:01 Asia/Shanghai] PHP Warning:  Smarty error: unable to read resource: "class_header.tpl" in F:\u0mo5.github.io\123\admin\modules\smarty\Smarty.class.php on line 1114
[11-Jul-2017 13:04:01 Asia/Shanghai] PHP Warning:  Smarty error: unable to read resource: "class_body.tpl" in F:\u0mo5.github.io\123\admin\modules\smarty\Smarty.class.php on line 1114
[11-Jul-2017 13:04:01 Asia/Shanghai] PHP Warning:  Smarty error: unable to read resource: "class_footer.tpl" in F:\u0mo5.github.io\123\admin\modules\smarty\Smarty.class.php on line 1114
[11-Jul-2017 13:04:01 Asia/Shanghai] PHP Warning:  Smarty error: unable to read resource: "class_header.tpl" in F:\u0mo5.github.io\123\admin\modules\smarty\Smarty.class.php on line 1114
[11-Jul-2017 13:04:01 Asia/Shanghai] PHP Warning:  Smarty error: unable to read resource: "class_body.tpl" in F:\u0mo5.github.io\123\admin\modules\smarty\Smarty.class.php on line 1114
[11-Jul-2017 13:04:01 Asia/Shanghai] PHP Warning:  Smarty error: unable to read resource: "class_footer.tpl" in F:\u0mo5.github.io\123\admin\modules\smarty\Smarty.class.php on line 1114
[11-Jul-2017 13:04:02 Asia/Shanghai] PHP Warning:  Smarty error: unable to read resource: "class_header.tpl" in F:\u0mo5.github.io\123\admin\modules\smarty\Smarty.class.php on line 1114
[11-Jul-2017 13:04:02 Asia/Shanghai] PHP Warning:  Smarty error: unable to read resource: "class_body.tpl" in F:\u0mo5.github.io\123\admin\modules\smarty\Smarty.class.php on line 1114
[11-Jul-2017 13:04:02 Asia/Shanghai] PHP Warning:  Smarty error: unable to read resource: "class_footer.tpl" in F:\u0mo5.github.io\123\admin\modules\smarty\Smarty.class.php on line 1114
[11-Jul-2017 13:04:02 Asia/Shanghai] PHP Warning:  Smarty error: unable to read resource: "class_header.tpl" in F:\u0mo5.github.io\123\admin\modules\smarty\Smarty.class.php on line 1114
[11-Jul-2017 13:04:02 Asia/Shanghai] PHP Warning:  Smarty error: unable to read resource: "class_body.tpl" in F:\u0mo5.github.io\123\admin\modules\smarty\Smarty.class.php on line 1114
[11-Jul-2017 13:04:02 Asia/Shanghai] PHP Warning:  Smarty error: unable to read resource: "class_footer.tpl" in F:\u0mo5.github.io\123\admin\modules\smarty\Smarty.class.php on line 1114
[11-Jul-2017 13:04:02 Asia/Shanghai] PHP Warning:  Smarty error: unable to read resource: "class_header.tpl" in F:\u0mo5.github.io\123\admin\modules\smarty\Smarty.class.php on line 1114
[11-Jul-2017 13:04:02 Asia/Shanghai] PHP Warning:  Smarty error: unable to read resource: "class_body.tpl" in F:\u0mo5.github.io\123\admin\modules\smarty\Smarty.class.php on line 1114
[11-Jul-2017 13:04:02 Asia/Shanghai] PHP Warning:  Smarty error: unable to read resource: "class_footer.tpl" in F:\u0mo5.github.io\123\admin\modules\smarty\Smarty.class.php on line 1114
[11-Jul-2017 13:04:03 Asia/Shanghai] PHP Warning:  Smarty error: unable to read resource: "class_header.tpl" in F:\u0mo5.github.io\123\admin\modules\smarty\Smarty.class.php on line 1114
[11-Jul-2017 13:04:03 Asia/Shanghai] PHP Warning:  Smarty error: unable to read resource: "class_body.tpl" in F:\u0mo5.github.io\123\admin\modules\smarty\Smarty.class.php on line 1114
[11-Jul-2017 13:04:03 Asia/Shanghai] PHP Warning:  Smarty error: unable to read resource: "class_footer.tpl" in F:\u0mo5.github.io\123\admin\modules\smarty\Smarty.class.php on line 1114
[11-Jul-2017 13:04:03 Asia/Shanghai] PHP Warning:  Smarty error: unable to read resource: "class_header.tpl" in F:\u0mo5.github.io\123\admin\modules\smarty\Smarty.class.php on line 1114
[11-Jul-2017 13:04:03 Asia/Shanghai] PHP Warning:  Smarty error: unable to read resource: "class_body.tpl" in F:\u0mo5.github.io\123\admin\modules\smarty\Smarty.class.php on line 1114
[11-Jul-2017 13:04:03 Asia/Shanghai] PHP Warning:  Smarty error: unable to read resource: "class_footer.tpl" in F:\u0mo5.github.io\123\admin\modules\smarty\Smarty.class.php on line 1114
[11-Jul-2017 13:04:03 Asia/Shanghai] PHP Warning:  Smarty error: unable to read resource: "class_header.tpl" in F:\u0mo5.github.io\123\admin\modules\smarty\Smarty.class.php on line 1114
[11-Jul-2017 13:04:03 Asia/Shanghai] PHP Warning:  Smarty error: unable to read resource: "class_body.tpl" in F:\u0mo5.github.io\123\admin\modules\smarty\Smarty.class.php on line 1114
[11-Jul-2017 13:04:03 Asia/Shanghai] PHP Warning:  Smarty error: unable to read resource: "class_footer.tpl" in F:\u0mo5.github.io\123\admin\modules\smarty\Smarty.class.php on line 1114
[11-Jul-2017 13:04:56 Asia/Shanghai] PHP Warning:  Smarty error: unable to read resource: "class_header.tpl" in F:\u0mo5.github.io\123\admin\modules\smarty\Smarty.class.php on line 1114
[11-Jul-2017 13:04:56 Asia/Shanghai] PHP Warning:  Smarty error: unable to read resource: "class_body.tpl" in F:\u0mo5.github.io\123\admin\modules\smarty\Smarty.class.php on line 1114
[11-Jul-2017 13:04:56 Asia/Shanghai] PHP Warning:  Smarty error: unable to read resource: "class_footer.tpl" in F:\u0mo5.github.io\123\admin\modules\smarty\Smarty.class.php on line 1114
[11-Jul-2017 13:04:56 Asia/Shanghai] PHP Warning:  Smarty error: unable to read resource: "class_header.tpl" in F:\u0mo5.github.io\123\admin\modules\smarty\Smarty.class.php on line 1114
[11-Jul-2017 13:04:56 Asia/Shanghai] PHP Warning:  Smarty error: unable to read resource: "class_body.tpl" in F:\u0mo5.github.io\123\admin\modules\smarty\Smarty.class.php on line 1114
[11-Jul-2017 13:04:56 Asia/Shanghai] PHP Warning:  Smarty error: unable to read resource: "class_footer.tpl" in F:\u0mo5.github.io\123\admin\modules\smarty\Smarty.class.php on line 1114
[11-Jul-2017 13:04:56 Asia/Shanghai] PHP Warning:  Smarty error: unable to read resource: "class_header.tpl" in F:\u0mo5.github.io\123\admin\modules\smarty\Smarty.class.php on line 1114
[11-Jul-2017 13:04:56 Asia/Shanghai] PHP Warning:  Smarty error: unable to read resource: "class_body.tpl" in F:\u0mo5.github.io\123\admin\modules\smarty\Smarty.class.php on line 1114
[11-Jul-2017 13:04:56 Asia/Shanghai] PHP Warning:  Smarty error: unable to read resource: "class_footer.tpl" in F:\u0mo5.github.io\123\admin\modules\smarty\Smarty.class.php on line 1114
[11-Jul-2017 13:04:56 Asia/Shanghai] PHP Warning:  Smarty error: unable to read resource: "class_header.tpl" in F:\u0mo5.github.io\123\admin\modules\smarty\Smarty.class.php on line 1114
[11-Jul-2017 13:04:56 Asia/Shanghai] PHP Warning:  Smarty error: unable to read resource: "class_body.tpl" in F:\u0mo5.github.io\123\admin\modules\smarty\Smarty.class.php on line 1114
[11-Jul-2017 13:04:56 Asia/Shanghai] PHP Warning:  Smarty error: unable to read resource: "class_footer.tpl" in F:\u0mo5.github.io\123\admin\modules\smarty\Smarty.class.php on line 1114
[11-Jul-2017 13:04:56 Asia/Shanghai] PHP Warning:  Smarty error: unable to read resource: "class_header.tpl" in F:\u0mo5.github.io\123\admin\modules\smarty\Smarty.class.php on line 1114
[11-Jul-2017 13:04:56 Asia/Shanghai] PHP Warning:  Smarty error: unable to read resource: "class_body.tpl" in F:\u0mo5.github.io\123\admin\modules\smarty\Smarty.class.php on line 1114
[11-Jul-2017 13:04:56 Asia/Shanghai] PHP Warning:  Smarty error: unable to read resource: "class_footer.tpl" in F:\u0mo5.github.io\123\admin\modules\smarty\Smarty.class.php on line 1114
[11-Jul-2017 13:04:56 Asia/Shanghai] PHP Warning:  Smarty error: unable to read resource: "class_header.tpl" in F:\u0mo5.github.io\123\admin\modules\smarty\Smarty.class.php on line 1114
[11-Jul-2017 13:04:56 Asia/Shanghai] PHP Warning:  Smarty error: unable to read resource: "class_body.tpl" in F:\u0mo5.github.io\123\admin\modules\smarty\Smarty.class.php on line 1114
[11-Jul-2017 13:04:56 Asia/Shanghai] PHP Warning:  Smarty error: unable to read resource: "class_footer.tpl" in F:\u0mo5.github.io\123\admin\modules\smarty\Smarty.class.php on line 1114
[11-Jul-2017 13:04:57 Asia/Shanghai] PHP Warning:  Smarty error: unable to read resource: "class_header.tpl" in F:\u0mo5.github.io\123\admin\modules\smarty\Smarty.class.php on line 1114
[11-Jul-2017 13:04:57 Asia/Shanghai] PHP Warning:  Smarty error: unable to read resource: "class_body.tpl" in F:\u0mo5.github.io\123\admin\modules\smarty\Smarty.class.php on line 1114
[11-Jul-2017 13:04:57 Asia/Shanghai] PHP Warning:  Smarty error: unable to read resource: "class_footer.tpl" in F:\u0mo5.github.io\123\admin\modules\smarty\Smarty.class.php on line 1114
[11-Jul-2017 13:04:57 Asia/Shanghai] PHP Warning:  Smarty error: unable to read resource: "class_header.tpl" in F:\u0mo5.github.io\123\admin\modules\smarty\Smarty.class.php on line 1114
[11-Jul-2017 13:04:57 Asia/Shanghai] PHP Warning:  Smarty error: unable to read resource: "class_body.tpl" in F:\u0mo5.github.io\123\admin\modules\smarty\Smarty.class.php on line 1114
[11-Jul-2017 13:04:57 Asia/Shanghai] PHP Warning:  Smarty error: unable to read resource: "class_footer.tpl" in F:\u0mo5.github.io\123\admin\modules\smarty\Smarty.class.php on line 1114
[11-Jul-2017 13:04:58 Asia/Shanghai] PHP Warning:  Smarty error: unable to read resource: "class_header.tpl" in F:\u0mo5.github.io\123\admin\modules\smarty\Smarty.class.php on line 1114
[11-Jul-2017 13:04:58 Asia/Shanghai] PHP Warning:  Smarty error: unable to read resource: "class_body.tpl" in F:\u0mo5.github.io\123\admin\modules\smarty\Smarty.class.php on line 1114
[11-Jul-2017 13:04:58 Asia/Shanghai] PHP Warning:  Smarty error: unable to read resource: "class_footer.tpl" in F:\u0mo5.github.io\123\admin\modules\smarty\Smarty.class.php on line 1114
[11-Jul-2017 13:04:58 Asia/Shanghai] PHP Warning:  Smarty error: unable to read resource: "class_header.tpl" in F:\u0mo5.github.io\123\admin\modules\smarty\Smarty.class.php on line 1114
[11-Jul-2017 13:04:58 Asia/Shanghai] PHP Warning:  Smarty error: unable to read resource: "class_body.tpl" in F:\u0mo5.github.io\123\admin\modules\smarty\Smarty.class.php on line 1114
[11-Jul-2017 13:04:58 Asia/Shanghai] PHP Warning:  Smarty error: unable to read resource: "class_footer.tpl" in F:\u0mo5.github.io\123\admin\modules\smarty\Smarty.class.php on line 1114
[11-Jul-2017 13:04:58 Asia/Shanghai] PHP Warning:  Smarty error: unable to read resource: "class_header.tpl" in F:\u0mo5.github.io\123\admin\modules\smarty\Smarty.class.php on line 1114
[11-Jul-2017 13:04:58 Asia/Shanghai] PHP Warning:  Smarty error: unable to read resource: "class_body.tpl" in F:\u0mo5.github.io\123\admin\modules\smarty\Smarty.class.php on line 1114
[11-Jul-2017 13:04:58 Asia/Shanghai] PHP Warning:  Smarty error: unable to read resource: "class_footer.tpl" in F:\u0mo5.github.io\123\admin\modules\smarty\Smarty.class.php on line 1114
[11-Jul-2017 13:04:58 Asia/Shanghai] PHP Warning:  Smarty error: unable to read resource: "class_header.tpl" in F:\u0mo5.github.io\123\admin\modules\smarty\Smarty.class.php on line 1114
[11-Jul-2017 13:04:58 Asia/Shanghai] PHP Warning:  Smarty error: unable to read resource: "class_body.tpl" in F:\u0mo5.github.io\123\admin\modules\smarty\Smarty.class.php on line 1114
[11-Jul-2017 13:04:58 Asia/Shanghai] PHP Warning:  Smarty error: unable to read resource: "class_footer.tpl" in F:\u0mo5.github.io\123\admin\modules\smarty\Smarty.class.php on line 1114
[11-Jul-2017 13:04:58 Asia/Shanghai] PHP Warning:  Smarty error: unable to read resource: "class_header.tpl" in F:\u0mo5.github.io\123\admin\modules\smarty\Smarty.class.php on line 1114
[11-Jul-2017 13:04:58 Asia/Shanghai] PHP Warning:  Smarty error: unable to read resource: "class_body.tpl" in F:\u0mo5.github.io\123\admin\modules\smarty\Smarty.class.php on line 1114
[11-Jul-2017 13:04:58 Asia/Shanghai] PHP Warning:  Smarty error: unable to read resource: "class_footer.tpl" in F:\u0mo5.github.io\123\admin\modules\smarty\Smarty.class.php on line 1114
[11-Jul-2017 13:04:58 Asia/Shanghai] PHP Warning:  Smarty error: unable to read resource: "class_header.tpl" in F:\u0mo5.github.io\123\admin\modules\smarty\Smarty.class.php on line 1114
[11-Jul-2017 13:04:58 Asia/Shanghai] PHP Warning:  Smarty error: unable to read resource: "class_body.tpl" in F:\u0mo5.github.io\123\admin\modules\smarty\Smarty.class.php on line 1114
[11-Jul-2017 13:04:58 Asia/Shanghai] PHP Warning:  Smarty error: unable to read resource: "class_footer.tpl" in F:\u0mo5.github.io\123\admin\modules\smarty\Smarty.class.php on line 1114
[11-Jul-2017 13:04:58 Asia/Shanghai] PHP Warning:  Smarty error: unable to read resource: "class_header.tpl" in F:\u0mo5.github.io\123\admin\modules\smarty\Smarty.class.php on line 1114
[11-Jul-2017 13:04:58 Asia/Shanghai] PHP Warning:  Smarty error: unable to read resource: "class_body.tpl" in F:\u0mo5.github.io\123\admin\modules\smarty\Smarty.class.php on line 1114
[11-Jul-2017 13:04:58 Asia/Shanghai] PHP Warning:  Smarty error: unable to read resource: "class_footer.tpl" in F:\u0mo5.github.io\123\admin\modules\smarty\Smarty.class.php on line 1114
[11-Jul-2017 13:04:59 Asia/Shanghai] PHP Warning:  Smarty error: unable to read resource: "class_header.tpl" in F:\u0mo5.github.io\123\admin\modules\smarty\Smarty.class.php on line 1114
[11-Jul-2017 13:04:59 Asia/Shanghai] PHP Warning:  Smarty error: unable to read resource: "class_body.tpl" in F:\u0mo5.github.io\123\admin\modules\smarty\Smarty.class.php on line 1114
[11-Jul-2017 13:04:59 Asia/Shanghai] PHP Warning:  Smarty error: unable to read resource: "class_footer.tpl" in F:\u0mo5.github.io\123\admin\modules\smarty\Smarty.class.php on line 1114
[11-Jul-2017 13:04:59 Asia/Shanghai] PHP Warning:  Smarty error: unable to read resource: "class_header.tpl" in F:\u0mo5.github.io\123\admin\modules\smarty\Smarty.class.php on line 1114
[11-Jul-2017 13:04:59 Asia/Shanghai] PHP Warning:  Smarty error: unable to read resource: "class_body.tpl" in F:\u0mo5.github.io\123\admin\modules\smarty\Smarty.class.php on line 1114
[11-Jul-2017 13:04:59 Asia/Shanghai] PHP Warning:  Smarty error: unable to read resource: "class_footer.tpl" in F:\u0mo5.github.io\123\admin\modules\smarty\Smarty.class.php on line 1114
[11-Jul-2017 13:04:59 Asia/Shanghai] PHP Warning:  Smarty error: unable to read resource: "class_header.tpl" in F:\u0mo5.github.io\123\admin\modules\smarty\Smarty.class.php on line 1114
[11-Jul-2017 13:04:59 Asia/Shanghai] PHP Warning:  Smarty error: unable to read resource: "class_body.tpl" in F:\u0mo5.github.io\123\admin\modules\smarty\Smarty.class.php on line 1114
[11-Jul-2017 13:04:59 Asia/Shanghai] PHP Warning:  Smarty error: unable to read resource: "class_footer.tpl" in F:\u0mo5.github.io\123\admin\modules\smarty\Smarty.class.php on line 1114
[11-Jul-2017 13:04:59 Asia/Shanghai] PHP Warning:  Smarty error: unable to read resource: "class_header.tpl" in F:\u0mo5.github.io\123\admin\modules\smarty\Smarty.class.php on line 1114
[11-Jul-2017 13:04:59 Asia/Shanghai] PHP Warning:  Smarty error: unable to read resource: "class_body.tpl" in F:\u0mo5.github.io\123\admin\modules\smarty\Smarty.class.php on line 1114
[11-Jul-2017 13:04:59 Asia/Shanghai] PHP Warning:  Smarty error: unable to read resource: "class_footer.tpl" in F:\u0mo5.github.io\123\admin\modules\smarty\Smarty.class.php on line 1114
[11-Jul-2017 13:04:59 Asia/Shanghai] PHP Warning:  Smarty error: unable to read resource: "class_header.tpl" in F:\u0mo5.github.io\123\admin\modules\smarty\Smarty.class.php on line 1114
[11-Jul-2017 13:04:59 Asia/Shanghai] PHP Warning:  Smarty error: unable to read resource: "class_body.tpl" in F:\u0mo5.github.io\123\admin\modules\smarty\Smarty.class.php on line 1114
[11-Jul-2017 13:04:59 Asia/Shanghai] PHP Warning:  Smarty error: unable to read resource: "class_footer.tpl" in F:\u0mo5.github.io\123\admin\modules\smarty\Smarty.class.php on line 1114
[11-Jul-2017 13:04:59 Asia/Shanghai] PHP Warning:  Smarty error: unable to read resource: "class_header.tpl" in F:\u0mo5.github.io\123\admin\modules\smarty\Smarty.class.php on line 1114
[11-Jul-2017 13:04:59 Asia/Shanghai] PHP Warning:  Smarty error: unable to read resource: "class_body.tpl" in F:\u0mo5.github.io\123\admin\modules\smarty\Smarty.class.php on line 1114
[11-Jul-2017 13:04:59 Asia/Shanghai] PHP Warning:  Smarty error: unable to read resource: "class_footer.tpl" in F:\u0mo5.github.io\123\admin\modules\smarty\Smarty.class.php on line 1114
[11-Jul-2017 13:05:00 Asia/Shanghai] PHP Warning:  Smarty error: unable to read resource: "class_header.tpl" in F:\u0mo5.github.io\123\admin\modules\smarty\Smarty.class.php on line 1114
[11-Jul-2017 13:05:00 Asia/Shanghai] PHP Warning:  Smarty error: unable to read resource: "class_body.tpl" in F:\u0mo5.github.io\123\admin\modules\smarty\Smarty.class.php on line 1114
[11-Jul-2017 13:05:00 Asia/Shanghai] PHP Warning:  Smarty error: unable to read resource: "class_footer.tpl" in F:\u0mo5.github.io\123\admin\modules\smarty\Smarty.class.php on line 1114
[11-Jul-2017 13:05:00 Asia/Shanghai] PHP Warning:  Smarty error: unable to read resource: "class_header.tpl" in F:\u0mo5.github.io\123\admin\modules\smarty\Smarty.class.php on line 1114
[11-Jul-2017 13:05:00 Asia/Shanghai] PHP Warning:  Smarty error: unable to read resource: "class_body.tpl" in F:\u0mo5.github.io\123\admin\modules\smarty\Smarty.class.php on line 1114
[11-Jul-2017 13:05:00 Asia/Shanghai] PHP Warning:  Smarty error: unable to read resource: "class_footer.tpl" in F:\u0mo5.github.io\123\admin\modules\smarty\Smarty.class.php on line 1114
[11-Jul-2017 13:05:01 Asia/Shanghai] PHP Warning:  Smarty error: unable to read resource: "class_header.tpl" in F:\u0mo5.github.io\123\admin\modules\smarty\Smarty.class.php on line 1114
[11-Jul-2017 13:05:01 Asia/Shanghai] PHP Warning:  Smarty error: unable to read resource: "class_body.tpl" in F:\u0mo5.github.io\123\admin\modules\smarty\Smarty.class.php on line 1114
[11-Jul-2017 13:05:01 Asia/Shanghai] PHP Warning:  Smarty error: unable to read resource: "class_footer.tpl" in F:\u0mo5.github.io\123\admin\modules\smarty\Smarty.class.php on line 1114
[11-Jul-2017 13:07:57 Asia/Shanghai] PHP Warning:  Smarty error: unable to read resource: "class_header.tpl" in F:\u0mo5.github.io\123\admin\modules\smarty\Smarty.class.php on line 1114
[11-Jul-2017 13:07:57 Asia/Shanghai] PHP Warning:  Smarty error: unable to read resource: "class_body.tpl" in F:\u0mo5.github.io\123\admin\modules\smarty\Smarty.class.php on line 1114
[11-Jul-2017 13:07:57 Asia/Shanghai] PHP Warning:  Smarty error: unable to read resource: "class_footer.tpl" in F:\u0mo5.github.io\123\admin\modules\smarty\Smarty.class.php on line 1114
[11-Jul-2017 13:07:57 Asia/Shanghai] PHP Warning:  Smarty error: unable to read resource: "class_header.tpl" in F:\u0mo5.github.io\123\admin\modules\smarty\Smarty.class.php on line 1114
[11-Jul-2017 13:07:57 Asia/Shanghai] PHP Warning:  Smarty error: unable to read resource: "class_body.tpl" in F:\u0mo5.github.io\123\admin\modules\smarty\Smarty.class.php on line 1114
[11-Jul-2017 13:07:57 Asia/Shanghai] PHP Warning:  Smarty error: unable to read resource: "class_footer.tpl" in F:\u0mo5.github.io\123\admin\modules\smarty\Smarty.class.php on line 1114
[11-Jul-2017 13:07:57 Asia/Shanghai] PHP Warning:  Smarty error: unable to read resource: "class_header.tpl" in F:\u0mo5.github.io\123\admin\modules\smarty\Smarty.class.php on line 1114
[11-Jul-2017 13:07:57 Asia/Shanghai] PHP Warning:  Smarty error: unable to read resource: "class_body.tpl" in F:\u0mo5.github.io\123\admin\modules\smarty\Smarty.class.php on line 1114
[11-Jul-2017 13:07:57 Asia/Shanghai] PHP Warning:  Smarty error: unable to read resource: "class_footer.tpl" in F:\u0mo5.github.io\123\admin\modules\smarty\Smarty.class.php on line 1114
[11-Jul-2017 13:07:57 Asia/Shanghai] PHP Warning:  Smarty error: unable to read resource: "class_header.tpl" in F:\u0mo5.github.io\123\admin\modules\smarty\Smarty.class.php on line 1114
[11-Jul-2017 13:07:57 Asia/Shanghai] PHP Warning:  Smarty error: unable to read resource: "class_body.tpl" in F:\u0mo5.github.io\123\admin\modules\smarty\Smarty.class.php on line 1114
[11-Jul-2017 13:07:57 Asia/Shanghai] PHP Warning:  Smarty error: unable to read resource: "class_footer.tpl" in F:\u0mo5.github.io\123\admin\modules\smarty\Smarty.class.php on line 1114
[11-Jul-2017 13:07:57 Asia/Shanghai] PHP Warning:  Smarty error: unable to read resource: "class_header.tpl" in F:\u0mo5.github.io\123\admin\modules\smarty\Smarty.class.php on line 1114
[11-Jul-2017 13:07:57 Asia/Shanghai] PHP Warning:  Smarty error: unable to read resource: "class_body.tpl" in F:\u0mo5.github.io\123\admin\modules\smarty\Smarty.class.php on line 1114
[11-Jul-2017 13:07:57 Asia/Shanghai] PHP Warning:  Smarty error: unable to read resource: "class_footer.tpl" in F:\u0mo5.github.io\123\admin\modules\smarty\Smarty.class.php on line 1114
[11-Jul-2017 13:07:57 Asia/Shanghai] PHP Warning:  Smarty error: unable to read resource: "class_header.tpl" in F:\u0mo5.github.io\123\admin\modules\smarty\Smarty.class.php on line 1114
[11-Jul-2017 13:07:57 Asia/Shanghai] PHP Warning:  Smarty error: unable to read resource: "class_body.tpl" in F:\u0mo5.github.io\123\admin\modules\smarty\Smarty.class.php on line 1114
[11-Jul-2017 13:07:57 Asia/Shanghai] PHP Warning:  Smarty error: unable to read resource: "class_footer.tpl" in F:\u0mo5.github.io\123\admin\modules\smarty\Smarty.class.php on line 1114
[11-Jul-2017 13:07:58 Asia/Shanghai] PHP Warning:  Smarty error: unable to read resource: "class_header.tpl" in F:\u0mo5.github.io\123\admin\modules\smarty\Smarty.class.php on line 1114
[11-Jul-2017 13:07:58 Asia/Shanghai] PHP Warning:  Smarty error: unable to read resource: "class_body.tpl" in F:\u0mo5.github.io\123\admin\modules\smarty\Smarty.class.php on line 1114
[11-Jul-2017 13:07:58 Asia/Shanghai] PHP Warning:  Smarty error: unable to read resource: "class_footer.tpl" in F:\u0mo5.github.io\123\admin\modules\smarty\Smarty.class.php on line 1114
[11-Jul-2017 13:07:58 Asia/Shanghai] PHP Warning:  Smarty error: unable to read resource: "class_header.tpl" in F:\u0mo5.github.io\123\admin\modules\smarty\Smarty.class.php on line 1114
[11-Jul-2017 13:07:58 Asia/Shanghai] PHP Warning:  Smarty error: unable to read resource: "class_body.tpl" in F:\u0mo5.github.io\123\admin\modules\smarty\Smarty.class.php on line 1114
[11-Jul-2017 13:07:59 Asia/Shanghai] PHP Warning:  Smarty error: unable to read resource: "class_footer.tpl" in F:\u0mo5.github.io\123\admin\modules\smarty\Smarty.class.php on line 1114
[11-Jul-2017 13:07:59 Asia/Shanghai] PHP Warning:  Smarty error: unable to read resource: "class_header.tpl" in F:\u0mo5.github.io\123\admin\modules\smarty\Smarty.class.php on line 1114
[11-Jul-2017 13:07:59 Asia/Shanghai] PHP Warning:  Smarty error: unable to read resource: "class_body.tpl" in F:\u0mo5.github.io\123\admin\modules\smarty\Smarty.class.php on line 1114
[11-Jul-2017 13:07:59 Asia/Shanghai] PHP Warning:  Smarty error: unable to read resource: "class_footer.tpl" in F:\u0mo5.github.io\123\admin\modules\smarty\Smarty.class.php on line 1114
[11-Jul-2017 13:07:59 Asia/Shanghai] PHP Warning:  Smarty error: unable to read resource: "class_header.tpl" in F:\u0mo5.github.io\123\admin\modules\smarty\Smarty.class.php on line 1114
[11-Jul-2017 13:07:59 Asia/Shanghai] PHP Warning:  Smarty error: unable to read resource: "class_body.tpl" in F:\u0mo5.github.io\123\admin\modules\smarty\Smarty.class.php on line 1114
[11-Jul-2017 13:07:59 Asia/Shanghai] PHP Warning:  Smarty error: unable to read resource: "class_footer.tpl" in F:\u0mo5.github.io\123\admin\modules\smarty\Smarty.class.php on line 1114
[11-Jul-2017 13:07:59 Asia/Shanghai] PHP Warning:  Smarty error: unable to read resource: "class_header.tpl" in F:\u0mo5.github.io\123\admin\modules\smarty\Smarty.class.php on line 1114
[11-Jul-2017 13:07:59 Asia/Shanghai] PHP Warning:  Smarty error: unable to read resource: "class_body.tpl" in F:\u0mo5.github.io\123\admin\modules\smarty\Smarty.class.php on line 1114
[11-Jul-2017 13:07:59 Asia/Shanghai] PHP Warning:  Smarty error: unable to read resource: "class_footer.tpl" in F:\u0mo5.github.io\123\admin\modules\smarty\Smarty.class.php on line 1114
[11-Jul-2017 13:07:59 Asia/Shanghai] PHP Warning:  Smarty error: unable to read resource: "class_header.tpl" in F:\u0mo5.github.io\123\admin\modules\smarty\Smarty.class.php on line 1114
[11-Jul-2017 13:07:59 Asia/Shanghai] PHP Warning:  Smarty error: unable to read resource: "class_body.tpl" in F:\u0mo5.github.io\123\admin\modules\smarty\Smarty.class.php on line 1114
[11-Jul-2017 13:07:59 Asia/Shanghai] PHP Warning:  Smarty error: unable to read resource: "class_footer.tpl" in F:\u0mo5.github.io\123\admin\modules\smarty\Smarty.class.php on line 1114
[11-Jul-2017 13:07:59 Asia/Shanghai] PHP Warning:  Smarty error: unable to read resource: "class_header.tpl" in F:\u0mo5.github.io\123\admin\modules\smarty\Smarty.class.php on line 1114
[11-Jul-2017 13:07:59 Asia/Shanghai] PHP Warning:  Smarty error: unable to read resource: "class_body.tpl" in F:\u0mo5.github.io\123\admin\modules\smarty\Smarty.class.php on line 1114
[11-Jul-2017 13:07:59 Asia/Shanghai] PHP Warning:  Smarty error: unable to read resource: "class_footer.tpl" in F:\u0mo5.github.io\123\admin\modules\smarty\Smarty.class.php on line 1114
[11-Jul-2017 13:07:59 Asia/Shanghai] PHP Warning:  Smarty error: unable to read resource: "class_header.tpl" in F:\u0mo5.github.io\123\admin\modules\smarty\Smarty.class.php on line 1114
[11-Jul-2017 13:07:59 Asia/Shanghai] PHP Warning:  Smarty error: unable to read resource: "class_body.tpl" in F:\u0mo5.github.io\123\admin\modules\smarty\Smarty.class.php on line 1114
[11-Jul-2017 13:07:59 Asia/Shanghai] PHP Warning:  Smarty error: unable to read resource: "class_footer.tpl" in F:\u0mo5.github.io\123\admin\modules\smarty\Smarty.class.php on line 1114
[11-Jul-2017 13:08:00 Asia/Shanghai] PHP Warning:  Smarty error: unable to read resource: "class_header.tpl" in F:\u0mo5.github.io\123\admin\modules\smarty\Smarty.class.php on line 1114
[11-Jul-2017 13:08:00 Asia/Shanghai] PHP Warning:  Smarty error: unable to read resource: "class_body.tpl" in F:\u0mo5.github.io\123\admin\modules\smarty\Smarty.class.php on line 1114
[11-Jul-2017 13:08:00 Asia/Shanghai] PHP Warning:  Smarty error: unable to read resource: "class_footer.tpl" in F:\u0mo5.github.io\123\admin\modules\smarty\Smarty.class.php on line 1114
[11-Jul-2017 13:08:00 Asia/Shanghai] PHP Warning:  Smarty error: unable to read resource: "class_header.tpl" in F:\u0mo5.github.io\123\admin\modules\smarty\Smarty.class.php on line 1114
[11-Jul-2017 13:08:00 Asia/Shanghai] PHP Warning:  Smarty error: unable to read resource: "class_body.tpl" in F:\u0mo5.github.io\123\admin\modules\smarty\Smarty.class.php on line 1114
[11-Jul-2017 13:08:00 Asia/Shanghai] PHP Warning:  Smarty error: unable to read resource: "class_footer.tpl" in F:\u0mo5.github.io\123\admin\modules\smarty\Smarty.class.php on line 1114
[11-Jul-2017 13:08:00 Asia/Shanghai] PHP Warning:  Smarty error: unable to read resource: "class_header.tpl" in F:\u0mo5.github.io\123\admin\modules\smarty\Smarty.class.php on line 1114
[11-Jul-2017 13:08:00 Asia/Shanghai] PHP Warning:  Smarty error: unable to read resource: "class_body.tpl" in F:\u0mo5.github.io\123\admin\modules\smarty\Smarty.class.php on line 1114
[11-Jul-2017 13:08:00 Asia/Shanghai] PHP Warning:  Smarty error: unable to read resource: "class_footer.tpl" in F:\u0mo5.github.io\123\admin\modules\smarty\Smarty.class.php on line 1114
[11-Jul-2017 13:08:00 Asia/Shanghai] PHP Warning:  Smarty error: unable to read resource: "class_header.tpl" in F:\u0mo5.github.io\123\admin\modules\smarty\Smarty.class.php on line 1114
[11-Jul-2017 13:08:00 Asia/Shanghai] PHP Warning:  Smarty error: unable to read resource: "class_body.tpl" in F:\u0mo5.github.io\123\admin\modules\smarty\Smarty.class.php on line 1114
[11-Jul-2017 13:08:00 Asia/Shanghai] PHP Warning:  Smarty error: unable to read resource: "class_footer.tpl" in F:\u0mo5.github.io\123\admin\modules\smarty\Smarty.class.php on line 1114
[11-Jul-2017 13:08:00 Asia/Shanghai] PHP Warning:  Smarty error: unable to read resource: "class_header.tpl" in F:\u0mo5.github.io\123\admin\modules\smarty\Smarty.class.php on line 1114
[11-Jul-2017 13:08:00 Asia/Shanghai] PHP Warning:  Smarty error: unable to read resource: "class_body.tpl" in F:\u0mo5.github.io\123\admin\modules\smarty\Smarty.class.php on line 1114
[11-Jul-2017 13:08:00 Asia/Shanghai] PHP Warning:  Smarty error: unable to read resource: "class_footer.tpl" in F:\u0mo5.github.io\123\admin\modules\smarty\Smarty.class.php on line 1114
[11-Jul-2017 13:08:01 Asia/Shanghai] PHP Warning:  Smarty error: unable to read resource: "class_header.tpl" in F:\u0mo5.github.io\123\admin\modules\smarty\Smarty.class.php on line 1114
[11-Jul-2017 13:08:01 Asia/Shanghai] PHP Warning:  Smarty error: unable to read resource: "class_body.tpl" in F:\u0mo5.github.io\123\admin\modules\smarty\Smarty.class.php on line 1114
[11-Jul-2017 13:08:01 Asia/Shanghai] PHP Warning:  Smarty error: unable to read resource: "class_footer.tpl" in F:\u0mo5.github.io\123\admin\modules\smarty\Smarty.class.php on line 1114
[11-Jul-2017 13:08:01 Asia/Shanghai] PHP Warning:  Smarty error: unable to read resource: "class_header.tpl" in F:\u0mo5.github.io\123\admin\modules\smarty\Smarty.class.php on line 1114
[11-Jul-2017 13:08:01 Asia/Shanghai] PHP Warning:  Smarty error: unable to read resource: "class_body.tpl" in F:\u0mo5.github.io\123\admin\modules\smarty\Smarty.class.php on line 1114
[11-Jul-2017 13:08:01 Asia/Shanghai] PHP Warning:  Smarty error: unable to read resource: "class_footer.tpl" in F:\u0mo5.github.io\123\admin\modules\smarty\Smarty.class.php on line 1114
[11-Jul-2017 13:08:01 Asia/Shanghai] PHP Warning:  Smarty error: unable to read resource: "class_header.tpl" in F:\u0mo5.github.io\123\admin\modules\smarty\Smarty.class.php on line 1114
[11-Jul-2017 13:08:01 Asia/Shanghai] PHP Warning:  Smarty error: unable to read resource: "class_body.tpl" in F:\u0mo5.github.io\123\admin\modules\smarty\Smarty.class.php on line 1114
[11-Jul-2017 13:08:01 Asia/Shanghai] PHP Warning:  Smarty error: unable to read resource: "class_footer.tpl" in F:\u0mo5.github.io\123\admin\modules\smarty\Smarty.class.php on line 1114
[11-Jul-2017 13:08:02 Asia/Shanghai] PHP Warning:  Smarty error: unable to read resource: "class_header.tpl" in F:\u0mo5.github.io\123\admin\modules\smarty\Smarty.class.php on line 1114
[11-Jul-2017 13:08:02 Asia/Shanghai] PHP Warning:  Smarty error: unable to read resource: "class_body.tpl" in F:\u0mo5.github.io\123\admin\modules\smarty\Smarty.class.php on line 1114
[11-Jul-2017 13:08:02 Asia/Shanghai] PHP Warning:  Smarty error: unable to read resource: "class_footer.tpl" in F:\u0mo5.github.io\123\admin\modules\smarty\Smarty.class.php on line 1114
[11-Jul-2017 13:08:02 Asia/Shanghai] PHP Warning:  Smarty error: unable to read resource: "class_header.tpl" in F:\u0mo5.github.io\123\admin\modules\smarty\Smarty.class.php on line 1114
[11-Jul-2017 13:08:02 Asia/Shanghai] PHP Warning:  Smarty error: unable to read resource: "class_body.tpl" in F:\u0mo5.github.io\123\admin\modules\smarty\Smarty.class.php on line 1114
[11-Jul-2017 13:08:02 Asia/Shanghai] PHP Warning:  Smarty error: unable to read resource: "class_footer.tpl" in F:\u0mo5.github.io\123\admin\modules\smarty\Smarty.class.php on line 1114
[11-Jul-2017 13:12:18 Asia/Shanghai] PHP Deprecated:  preg_replace(): The /e modifier is deprecated, use preg_replace_callback instead in F:\u0mo5.github.io\123\admin\modules\smarty\Smarty_Compiler.class.php on line 271
[11-Jul-2017 13:12:18 Asia/Shanghai] PHP Deprecated:  preg_replace(): The /e modifier is deprecated, use preg_replace_callback instead in F:\u0mo5.github.io\123\admin\modules\smarty\Smarty_Compiler.class.php on line 271
[11-Jul-2017 13:12:19 Asia/Shanghai] PHP Warning:  Illegal string offset 'dbversion' in F:\u0mo5.github.io\123\admin\modules\mod_login.php on line 559
[11-Jul-2017 13:12:19 Asia/Shanghai] PHP Deprecated:  preg_replace(): The /e modifier is deprecated, use preg_replace_callback instead in F:\u0mo5.github.io\123\admin\modules\smarty\Smarty_Compiler.class.php on line 271
[11-Jul-2017 13:12:19 Asia/Shanghai] PHP Deprecated:  preg_replace(): The /e modifier is deprecated, use preg_replace_callback instead in F:\u0mo5.github.io\123\admin\modules\smarty\Smarty_Compiler.class.php on line 271
[11-Jul-2017 13:12:19 Asia/Shanghai] PHP Deprecated:  preg_replace(): The /e modifier is deprecated, use preg_replace_callback instead in F:\u0mo5.github.io\123\admin\modules\smarty\Smarty_Compiler.class.php on line 271
[11-Jul-2017 13:12:19 Asia/Shanghai] PHP Deprecated:  preg_replace(): The /e modifier is deprecated, use preg_replace_callback instead in F:\u0mo5.github.io\123\admin\modules\smarty\Smarty_Compiler.class.php on line 271
[11-Jul-2017 13:12:26 Asia/Shanghai] PHP Deprecated:  preg_replace(): The /e modifier is deprecated, use preg_replace_callback instead in F:\u0mo5.github.io\123\admin\modules\smarty\Smarty_Compiler.class.php on line 271
